<?xml version="1.0" encoding="UTF-8"?>
<testsuite name="dominio.unitaria.BibliotecarioTest" tests="2" skipped="0" failures="0" errors="0" timestamp="2019-07-28T06:05:54" hostname="Ferbanos" time="0.133">
  <properties/>
  <testcase name="esPrestadoTest" classname="dominio.unitaria.BibliotecarioTest" time="0.133"/>
  <testcase name="libroNoPrestadoTest" classname="dominio.unitaria.BibliotecarioTest" time="0.0"/>
  <system-out><![CDATA[]]></system-out>
  <system-err><![CDATA[]]></system-err>
</testsuite>
